#
# There is insufficient memory for the Java Runtime Environment to continue.
# Native memory allocation (mmap) failed to map 67108864 bytes. Error detail: G1 virtual space
# Possible reasons:
#   The system is out of physical RAM or swap space
#   This process is running with CompressedOops enabled, and the Java Heap may be blocking the growth of the native heap
# Possible solutions:
#   Reduce memory load on the system
#   Increase physical memory or swap space
#   Check if swap backing store is full
#   Decrease Java heap size (-Xmx/-Xms)
#   Decrease number of Java threads
#   Decrease Java thread stack sizes (-Xss)
#   Set larger code cache with -XX:ReservedCodeCacheSize=
#   JVM is running with Unscaled Compressed Oops mode in which the Java heap is
#     placed in the first 4GB address space. The Java Heap base address is the
#     maximum limit for the native heap growth. Please use -XX:HeapBaseMinAddress
#     to set the Java Heap base and to place the Java Heap above 4GB virtual address.
# This output file may be truncated or incomplete.
#
#  Out of Memory Error (os_windows.cpp:3703), pid=10580, tid=7332
#
# JRE version:  (23.0.1+11) (build )
# Java VM: Java HotSpot(TM) 64-Bit Server VM (23.0.1+11-39, mixed mode, sharing, tiered, compressed oops, compressed class ptrs, g1 gc, windows-amd64)
# No core dump will be written. Minidumps are not enabled by default on client versions of Windows
#

---------------  S U M M A R Y ------------

Command Line: -Dfile.encoding=UTF-8 --module-path=C:\Users\RCB\OneDrive\Documents\NetBeansProjects\University Management System\build\classes university.management.system.Login

Host: Intel(R) Core(TM) i3-8130U CPU @ 2.20GHz, 4 cores, 3G,  Windows 11 , 64 bit Build 22621 (10.0.22621.3958)
Time: Thu Nov 14 23:57:47 2024 India Standard Time elapsed time: 0.045729 seconds (0d 0h 0m 0s)

---------------  T H R E A D  ---------------

Current thread (0x000002730eeeb580):  JavaThread "Unknown thread" [_thread_in_vm, id=7332, stack(0x000000edb0400000,0x000000edb0500000) (1024K)]

Stack: [0x000000edb0400000,0x000000edb0500000]
Native frames: (J=compiled Java code, j=interpreted, Vv=VM code, C=native code)
V  [jvm.dll+0x6e08b9]  (no source info available)
V  [jvm.dll+0x87dc83]  (no source info available)
V  [jvm.dll+0x88010e]  (no source info available)
V  [jvm.dll+0x8807e3]  (no source info available)
V  [jvm.dll+0x27aee6]  (no source info available)
V  [jvm.dll+0x6dd1c5]  (no source info available)
V  [jvm.dll+0x6d104a]  (no source info available)
V  [jvm.dll+0x35b3ea]  (no source info available)
V  [jvm.dll+0x3637f6]  (no source info available)
V  [jvm.dll+0x34fd5e]  (no source info available)
V  [jvm.dll+0x34fff8]  (no source info available)
V  [jvm.dll+0x3289cc]  (no source info available)
V  [jvm.dll+0x32966e]  (no source info available)
V  [jvm.dll+0x844355]  (no source info available)
V  [jvm.dll+0x3b9848]  (no source info available)
V  [jvm.dll+0x82d14c]  (no source info available)
V  [jvm.dll+0x454d4e]  (no source info available)
V  [jvm.dll+0x456bd1]  (no source info available)
C  [jli.dll+0x52a3]  (no source info available)
C  [ucrtbase.dll+0x29333]  (no source info available)
C  [KERNEL32.DLL+0x1257d]  (no source info available)
C  [ntdll.dll+0x5af08]  (no source info available)

Lock stack of current Java thread (top to bottom):


---------------  P R O C E S S  ---------------

Threads class SMR info:
_java_thread_list=0x00007ff8b9223618, length=0, elements={
}

Java Threads: ( => current thread )
Total: 0

Other Threads:
  0x0000027311190250 WorkerThread "GC Thread#0"                     [id=4152, stack(0x000000edb0500000,0x000000edb0600000) (1024K)]
  0x000002731119af30 ConcurrentGCThread "G1 Main Marker"            [id=2752, stack(0x000000edb0600000,0x000000edb0700000) (1024K)]
  0x000002731119ba40 WorkerThread "G1 Conc#0"                       [id=10056, stack(0x000000edb0700000,0x000000edb0800000) (1024K)]

[error occurred during error reporting (printing all threads), id 0xc0000005, EXCEPTION_ACCESS_VIOLATION (0xc0000005) at pc=0x00007ff8b896bfba]
VM state: not at safepoint (not fully initialized)

VM Mutex/Monitor currently owned by a thread:  ([mutex/lock_event])
[0x00007ff8b92a3a10] Heap_lock - owner thread: 0x000002730eeeb580

Heap address: 0x00000000c1600000, size: 1002 MB, Compressed Oops mode: 32-bit

CDS archive(s) mapped at: [0x0000000000000000-0x0000000000000000-0x0000000000000000), size 0, SharedBaseAddress: 0x0000000800000000, ArchiveRelocationMode: 1.
Narrow klass base: 0x0000000000000000, Narrow klass shift: 0, Narrow klass range: 0x0

GC Precious Log:
 CardTable entry size: 512
 Card Set container configuration: InlinePtr #cards 5 size 8 Array Of Cards #cards 10 size 36 Howl #buckets 4 coarsen threshold 1843 Howl Bitmap #cards 512 size 80 coarsen threshold 460 Card regions per heap region 1 cards per card region 2048

Heap:
 garbage-first heap   total reserved 1026048K, committed 0K, used 0K [0x00000000c1600000, 0x0000000100000000)
  region size 1024K, 0 young (0K), 0 survivors (0K)

[error occurred during error reporting (printing heap information), id 0xc0000005, EXCEPTION_ACCESS_VIOLATION (0xc0000005) at pc=0x00007ff8b8d6c3c9]
GC Heap History (0 events):
No events

Dll operation events (1 events):
Event: 0.024 Loaded shared library C:\Program Files\Java\jdk-23\bin\java.dll

Deoptimization events (0 events):
No events

Classes loaded (0 events):
No events

Classes unloaded (0 events):
No events

Classes redefined (0 events):
No events

Internal exceptions (0 events):
No events

VM Operations (0 events):
No events

Memory protections (0 events):
No events

Nmethod flushes (0 events):
No events

Events (0 events):
No events


Dynamic libraries:
0x00007ff7ea2e0000 - 0x00007ff7ea2f0000 	C:\Program Files\Java\jdk-23\bin\java.exe
0x00007ff9297d0000 - 0x00007ff9299e7000 	C:\WINDOWS\SYSTEM32\ntdll.dll
0x00007ff9283c0000 - 0x00007ff928484000 	C:\WINDOWS\System32\KERNEL32.DLL
0x00007ff926ae0000 - 0x00007ff926e97000 	C:\WINDOWS\System32\KERNELBASE.dll
0x00007ff927010000 - 0x00007ff927121000 	C:\WINDOWS\System32\ucrtbase.dll
0x00007ff920a10000 - 0x00007ff920a2b000 	C:\Program Files\Java\jdk-23\bin\VCRUNTIME140.dll
0x00007ff915800000 - 0x00007ff915817000 	C:\Program Files\Java\jdk-23\bin\jli.dll
0x00007ff9295e0000 - 0x00007ff92978f000 	C:\WINDOWS\System32\USER32.dll
0x00007ff927320000 - 0x00007ff927346000 	C:\WINDOWS\System32\win32u.dll
0x00007ff927620000 - 0x00007ff927649000 	C:\WINDOWS\System32\GDI32.dll
0x00007ff927200000 - 0x00007ff927318000 	C:\WINDOWS\System32\gdi32full.dll
0x00007ff908530000 - 0x00007ff9087c3000 	C:\WINDOWS\WinSxS\amd64_microsoft.windows.common-controls_6595b64144ccf1df_6.0.22621.3672_none_2713b9d173822955\COMCTL32.dll
0x00007ff927160000 - 0x00007ff9271fa000 	C:\WINDOWS\System32\msvcp_win.dll
0x00007ff927560000 - 0x00007ff927607000 	C:\WINDOWS\System32\msvcrt.dll
0x00007ff928380000 - 0x00007ff9283b1000 	C:\WINDOWS\System32\IMM32.DLL
0x00007ff91d7b0000 - 0x00007ff91d7bc000 	C:\Program Files\Java\jdk-23\bin\vcruntime140_1.dll
0x00007ff910cb0000 - 0x00007ff910d3e000 	C:\Program Files\Java\jdk-23\bin\msvcp140.dll
0x00007ff8b8630000 - 0x00007ff8b937f000 	C:\Program Files\Java\jdk-23\bin\server\jvm.dll
0x00007ff929340000 - 0x00007ff9293f2000 	C:\WINDOWS\System32\ADVAPI32.dll
0x00007ff928150000 - 0x00007ff9281f8000 	C:\WINDOWS\System32\sechost.dll
0x00007ff927130000 - 0x00007ff927158000 	C:\WINDOWS\System32\bcrypt.dll
0x00007ff928e70000 - 0x00007ff928f84000 	C:\WINDOWS\System32\RPCRT4.dll
0x00007ff928df0000 - 0x00007ff928e61000 	C:\WINDOWS\System32\WS2_32.dll
0x00007ff9269b0000 - 0x00007ff9269fd000 	C:\WINDOWS\SYSTEM32\POWRPROF.dll
0x00007ff9117c0000 - 0x00007ff9117f4000 	C:\WINDOWS\SYSTEM32\WINMM.dll
0x00007ff91e740000 - 0x00007ff91e74a000 	C:\WINDOWS\SYSTEM32\VERSION.dll
0x00007ff926990000 - 0x00007ff9269a3000 	C:\WINDOWS\SYSTEM32\UMPDC.dll
0x00007ff925b30000 - 0x00007ff925b48000 	C:\WINDOWS\SYSTEM32\kernel.appcore.dll
0x00007ff91d7a0000 - 0x00007ff91d7aa000 	C:\Program Files\Java\jdk-23\bin\jimage.dll
0x00007ff924470000 - 0x00007ff9246a2000 	C:\WINDOWS\SYSTEM32\DBGHELP.DLL
0x00007ff927800000 - 0x00007ff927b8e000 	C:\WINDOWS\System32\combase.dll
0x00007ff927b90000 - 0x00007ff927c67000 	C:\WINDOWS\System32\OLEAUT32.dll
0x00007ff91d560000 - 0x00007ff91d592000 	C:\WINDOWS\SYSTEM32\dbgcore.DLL
0x00007ff927480000 - 0x00007ff9274fb000 	C:\WINDOWS\System32\bcryptPrimitives.dll
0x00007ff91d6c0000 - 0x00007ff91d6de000 	C:\Program Files\Java\jdk-23\bin\java.dll
0x00007ff928fb0000 - 0x00007ff929155000 	C:\WINDOWS\System32\ole32.dll
0x00007ff928580000 - 0x00007ff928de9000 	C:\WINDOWS\System32\SHELL32.dll

dbghelp: loaded successfully - version: 4.0.5 - missing functions: none
symbol engine: initialized successfully - sym options: 0x614 - pdb path: .;C:\Program Files\Java\jdk-23\bin;C:\WINDOWS\SYSTEM32;C:\WINDOWS\WinSxS\amd64_microsoft.windows.common-controls_6595b64144ccf1df_6.0.22621.3672_none_2713b9d173822955;C:\Program Files\Java\jdk-23\bin\server

VM Arguments:
jvm_args: -Dfile.encoding=UTF-8 --module-path=C:\Users\RCB\OneDrive\Documents\NetBeansProjects\University Management System\build\classes 
java_command: university.management.system.Login
java_class_path (initial): C:\Users\RCB\Downloads\mysql-connector-j-9.1.0(1)\mysql-connector-j-9.1.0\mysql-connector-j-9.1.0.jar;C:\Users\RCB\OneDrive\Documents\NetBeansProjects\University Management System\build\classes
Launcher Type: SUN_STANDARD

[Global flags]
     intx CICompilerCount                          = 3                                         {product} {ergonomic}
     uint ConcGCThreads                            = 1                                         {product} {ergonomic}
     uint G1ConcRefinementThreads                  = 4                                         {product} {ergonomic}
   size_t G1HeapRegionSize                         = 1048576                                   {product} {ergonomic}
   size_t InitialHeapSize                          = 67108864                                  {product} {ergonomic}
   size_t MarkStackSize                            = 4194304                                   {product} {ergonomic}
   size_t MarkStackSizeMax                         = 536870912                                 {product} {ergonomic}
   size_t MaxHeapSize                              = 1050673152                                {product} {ergonomic}
   size_t MinHeapDeltaBytes                        = 1048576                                   {product} {ergonomic}
   size_t MinHeapSize                              = 8388608                                   {product} {ergonomic}
    uintx NonNMethodCodeHeapSize                   = 5832704                                {pd product} {ergonomic}
    uintx NonProfiledCodeHeapSize                  = 122945536                              {pd product} {ergonomic}
    uintx ProfiledCodeHeapSize                     = 122880000                              {pd product} {ergonomic}
    uintx ReservedCodeCacheSize                    = 251658240                              {pd product} {ergonomic}
     bool SegmentedCodeCache                       = true                                      {product} {ergonomic}
   size_t SoftMaxHeapSize                          = 1050673152                             {manageable} {ergonomic}
     bool UseCompressedOops                        = true                           {product lp64_product} {ergonomic}
     bool UseG1GC                                  = true                                      {product} {ergonomic}
     bool UseLargePagesIndividualAllocation        = false                                  {pd product} {ergonomic}

Logging:
Log output configuration:
 #0: stdout all=warning uptime,level,tags foldmultilines=false
 #1: stderr all=off uptime,level,tags foldmultilines=false

Environment Variables:
JAVA_HOME=C:\Program Files\Java\jdk-23
PATH=C:\Program Files\Common Files\Oracle\Java\javapath;C:\WINDOWS\system32;C:\WINDOWS;C:\WINDOWS\System32\Wbem;C:\WINDOWS\System32\WindowsPowerShell\v1.0\;C:\WINDOWS\System32\OpenSSH\;C:\Program Files\MySQL\MySQL Server 8.0\bin;C:\Program Files\nodejs\;C:\Program Files\Java\jdk-23\bin;C:\Program Files\MySQL\MySQL Shell 8.0\bin\;C:\Users\RCB\AppData\Local\Microsoft\WindowsApps;;C:\Program Files\JetBrains\IntelliJ IDEA Community Edition 2024.2\bin;;C:\Users\RCB\AppData\Local\Programs\Microsoft VS Code\bin;C:\Users\RCB\AppData\Roaming\npm
USERNAME=RCB
OS=Windows_NT
PROCESSOR_IDENTIFIER=Intel64 Family 6 Model 142 Stepping 10, GenuineIntel
TMP=C:\Users\RCB\AppData\Local\Temp
TEMP=C:\Users\RCB\AppData\Local\Temp




Periodic native trim disabled

---------------  S Y S T E M  ---------------

OS:
 Windows 11 , 64 bit Build 22621 (10.0.22621.3958)
OS uptime: 0 days 5:06 hours

CPU: total 4 (initial active 4) (2 cores per cpu, 2 threads per core) family 6 model 142 stepping 10 microcode 0xe0, cx8, cmov, fxsr, ht, mmx, 3dnowpref, sse, sse2, sse3, ssse3, sse4.1, sse4.2, popcnt, lzcnt, tsc, tscinvbit, avx, avx2, aes, erms, clmul, bmi1, bmi2, adx, fma, vzeroupper, clflush, clflushopt, rdtscp, f16c
Processor Information for processor 0
  Max Mhz: 2201, Current Mhz: 2201, Mhz Limit: 2201
Processor Information for processor 1
  Max Mhz: 2201, Current Mhz: 2201, Mhz Limit: 2201
Processor Information for processor 2
  Max Mhz: 2201, Current Mhz: 2201, Mhz Limit: 2201
Processor Information for processor 3
  Max Mhz: 2201, Current Mhz: 1500, Mhz Limit: 2201

Memory: 4k page, system-wide physical 4007M (301M free)
TotalPageFile size 16295M (AvailPageFile size 58M)
current process WorkingSet (physical memory assigned to process): 11M, peak: 11M
current process commit charge ("private bytes"): 52M, peak: 116M

vm_info: Java HotSpot(TM) 64-Bit Server VM (23.0.1+11-39) for windows-amd64 JRE (23.0.1+11-39), built on 2024-09-30T07:20:43Z with MS VC++ 17.6 (VS2022)

END.
